0 silly argv {
0 silly argv   _: [ 'run' ],
0 silly argv   lernaVersion: '6.4.1',
0 silly argv   '$0': 'node_modules\\lerna\\cli.js',
0 silly argv   script: 'dev'
0 silly argv }
1 notice cli v6.4.1
2 verbose rootPath G:\stack\system_design\D.S
3 error JSONError: Unexpected token "/" (0x2F) in JSON at position 502 while parsing near "...c/scripts/build.js\"\n//    \"dev\": \"nodemo..." in packages\scss\package.json
3 error
3 error [0m [90m  6 |[39m   [32m"scripts"[39m[33m:[39m {[0m
3 error [0m [90m  7 |[39m     [32m"build"[39m[33m:[39m [32m"node ./src/scripts/build.js"[39m[0m
3 error [0m[31m[1m>[22m[39m[90m  8 |[39m [90m//    "dev": "nodemon --watch src --exec yarn build -e scss"[39m[0m
3 error [0m [90m    |[39m [31m[1m^[22m[39m[0m
3 error [0m [90m  9 |[39m   }[33m,[39m[0m
3 error [0m [90m 10 |[39m   [32m"keywords"[39m[33m:[39m [][33m,[39m[0m
3 error [0m [90m 11 |[39m   [32m"author"[39m[33m:[39m [32m""[39m[33m,[39m[0m
3 error
3 error     at parseJson (G:\stack\system_design\D.S\node_modules\parse-json\index.js:29:21)
3 error     at parse (G:\stack\system_design\D.S\node_modules\load-json-file\index.js:15:9)
3 error     at module.exports (G:\stack\system_design\D.S\node_modules\load-json-file\index.js:18:47)
