Arguments: 
  C:\Program Files\nodejs\node.exe C:\Users\moham\AppData\Roaming\npm\node_modules\yarn\bin\yarn.js build

PATH: 
  G:\stack\system_design\D.S\packages\scss/node_modules/.bin;C:\Users\moham\AppData\Local\Temp\yarn--1673798170697-0.4267834272487476;G:\stack\system_design\D.S\packages\scss\node_modules\.bin;C:\Users\moham\AppData\Local\Yarn\Data\link\node_modules\.bin;G:\stack\system_design\D.S\node_modules\.bin;C:\Program Files\libexec\lib\node_modules\npm\bin\node-gyp-bin;C:\Program Files\lib\node_modules\npm\bin\node-gyp-bin;C:\Program Files\nodejs\node_modules\npm\bin\node-gyp-bin;C:\Users\moham\AppData\Local\Temp\yarn--1673798168918-0.2650206274530542;G:\stack\system_design\D.S\node_modules\.bin;C:\Users\moham\AppData\Local\Yarn\Data\link\node_modules\.bin;G:\stack\system_design\D.S\node_modules\.bin;C:\Users\moham\AppData\Local\Yarn\bin;C:\Program Files\libexec\lib\node_modules\npm\bin\node-gyp-bin;C:\Program Files\lib\node_modules\npm\bin\node-gyp-bin;C:\Program Files\nodejs\node_modules\npm\bin\node-gyp-bin;C:\Python311\Scripts\;C:\Python311\;C:\Python310\Scripts\;C:\Python310\;C:\Windows\system32;C:\Windows;C:\Windows\System32\Wbem;C:\Windows\System32\WindowsPowerShell\v1.0\;C:\Windows\System32\OpenSSH\;C:\Program Files\dotnet\;C:\Program Files\php;C:\ProgramData\ComposerSetup\bin;C:\ProgramData\chocolatey\bin;C:\Program Files\TortoiseGit\bin;C:\Program Files (x86)\NVIDIA Corporation\PhysX\Common;C:\Program Files\PuTTY\;C:\Program Files\Git\cmd;C:\WINDOWS\system32;C:\WINDOWS;C:\WINDOWS\System32\Wbem;C:\WINDOWS\System32\WindowsPowerShell\v1.0\;C:\WINDOWS\System32\OpenSSH\;C:\Program Files\Go\bin;C:\Program Files\nodejs\;C:\Users\moham\AppData\Local\pnpm;C:\Users\moham\AppData\Local\Microsoft\WindowsApps;C:\Users\moham\AppData\Roaming\Composer\vendor\bin;C:\Program Files\JetBrains\PhpStorm 2022.2\bin;C:\Program Files\JetBrains\WebStorm 2022.2\bin;C:\Program Files\JetBrains\GoLand 2022.2\bin;C:\Users\moham\go\bin;C:\Users\moham\AppData\Local\Programs\Microsoft VS Code\bin;C:\Program Files\heroku\bin;C:\Program Files\JetBrains\PyCharm 2022.2.2\bin;C:\Users\moham\AppData\Local\JetBrains\Toolbox\scripts;C:\Users\moham\AppData\Local\GitHubDesktop\bin;C:\Users\moham\AppData\Local\Microsoft\WindowsApps;C:\Program Files\JetBrains\DataGrip 2022.3\bin;C:\Users\moham\go\bin;C:\Users\moham\AppData\Roaming\npm;C:\Program Files\JetBrains\RubyMine 2022.3.1\bin

Yarn version: 
  1.22.19

Node version: 
  18.13.0

Platform: 
  win32 x64

Trace: 
  SyntaxError: G:\stack\system_design\D.S\packages\scss\package.json: Unexpected token / in JSON at position 502
      at JSON.parse (<anonymous>)
      at C:\Users\moham\AppData\Roaming\npm\node_modules\yarn\lib\cli.js:1629:59
      at Generator.next (<anonymous>)
      at step (C:\Users\moham\AppData\Roaming\npm\node_modules\yarn\lib\cli.js:310:30)
      at C:\Users\moham\AppData\Roaming\npm\node_modules\yarn\lib\cli.js:321:13

npm manifest: 
  {
    "name": "@d.s/scss",
    "version": "1.0.0",
    "description": "**FocusList For Design System**\r - Organized: Fixed Code Structure\r - No Specificity Issues\r - Atomic Design Principles\r -  Easy To Understand [Variables,Comments,etc]\r -  Fully Customizable\r - Reusable Across Projects or Teams\r - Easy To Maintain\r  - [System Example figma](https://www.figma.com/file/mJZ1H9VvUbxFB84vkSHsAu/Design-System---Demo)",
    "main": "index.js",
    "scripts": {
      "build": "node ./src/scripts/build.js"
  //    "dev": "nodemon --watch src --exec yarn build -e scss"
    },
    "keywords": [],
    "author": "",
    "license": "ISC",
    "dependencies": {
      "sass": "^1.57.1"
    },
    "devDependencies": {
      "nodemon": "^2.0.20"
    }
  }

yarn manifest: 
  No manifest

Lockfile: 
  No lockfile
